<?xml version="1.0" encoding="UTF-8"?>
<!-- Generated by org.testng.reporters.JUnitXMLReporter -->
<testsuite ignored="0" hostname="DEL-5S3MQ93" failures="0" tests="2" name="Error Validation Test" time="33.462" errors="0" timestamp="2024-06-18T13:00:30 IST">
  <testcase classname="rahulshettyacademy.tests.ErrorValidationTest" name="LoginErrorValidation" time="0.53"/>
  <testcase classname="rahulshettyacademy.tests.ErrorValidationTest" name="ProductErrorValidation" time="23.459"/>
</testsuite> <!-- Error Validation Test -->
