<?xml version="1.0" encoding="UTF-8"?>
<!-- Generated by org.testng.reporters.JUnitXMLReporter -->
<testsuite ignored="0" hostname="DEL-5S3MQ93" failures="0" tests="3" name="Submit Order Test" time="42.274" errors="0" timestamp="2024-06-18T13:00:39 IST">
  <testcase classname="rahulshettyacademy.tests.StandAloneTest" name="submitOrder" time="14.772"/>
  <testcase classname="rahulshettyacademy.tests.StandAloneTest" name="submitOrder" time="14.297"/>
  <testcase classname="rahulshettyacademy.tests.StandAloneTest" name="OrderHistoryTest" time="0.718"/>
</testsuite> <!-- Submit Order Test -->
