<?xml version="1.0" encoding="UTF-8"?>
<!-- Generated by org.testng.reporters.JUnitXMLReporter -->
<testsuite ignored="0" hostname="DEL-5S3MQ93" failures="0" tests="3" name="Submit Order Test" time="71.607" errors="0" timestamp="2024-06-18T21:22:48 IST">
  <testcase classname="rahulshettyacademy.tests.StandAloneTest" name="submitOrder" time="15.515"/>
  <testcase classname="rahulshettyacademy.tests.StandAloneTest" name="submitOrder" time="15.261"/>
  <testcase classname="rahulshettyacademy.tests.StandAloneTest" name="OrderHistoryTest" time="1.318"/>
</testsuite> <!-- Submit Order Test -->
