<?xml version="1.0" encoding="UTF-8"?>
<testng-results ignored="0" total="5" passed="5" failed="0" skipped="0">
  <reporter-output>
  </reporter-output>
  <suite started-at="2024-06-18T21:21:36 IST" name="Suite" finished-at="2024-06-18T21:22:48 IST" duration-ms="71607">
    <groups>
      <group name="ErrorHandling">
        <method signature="ErrorValidationTest.LoginErrorValidation()[pri:0, instance:rahulshettyacademy.tests.ErrorValidationTest@38145825]" name="LoginErrorValidation" class="rahulshettyacademy.tests.ErrorValidationTest"/>
      </group> <!-- ErrorHandling -->
      <group name="Purchase">
        <method signature="StandAloneTest.submitOrder(java.util.HashMap)[pri:0, instance:rahulshettyacademy.tests.StandAloneTest@536f2a7e]" name="submitOrder" class="rahulshettyacademy.tests.StandAloneTest"/>
      </group> <!-- Purchase -->
    </groups>
    <test started-at="2024-06-18T21:21:36 IST" name="Error Validation Test" finished-at="2024-06-18T21:22:33 IST" duration-ms="56872">
      <class name="rahulshettyacademy.tests.ErrorValidationTest">
        <test-method is-config="true" signature="LaunchApplication()[pri:0, instance:rahulshettyacademy.tests.ErrorValidationTest@38145825]" started-at="2024-06-18T21:21:36 IST" name="LaunchApplication" finished-at="2024-06-18T21:22:12 IST" duration-ms="36044" status="PASS">
          <reporter-output>
          </reporter-output>
        </test-method> <!-- LaunchApplication -->
        <test-method signature="LoginErrorValidation()[pri:0, instance:rahulshettyacademy.tests.ErrorValidationTest@38145825]" started-at="2024-06-18T21:22:12 IST" name="LoginErrorValidation" finished-at="2024-06-18T21:22:13 IST" duration-ms="500" status="PASS">
          <reporter-output>
          </reporter-output>
        </test-method> <!-- LoginErrorValidation -->
        <test-method is-config="true" signature="TearDown()[pri:0, instance:rahulshettyacademy.tests.ErrorValidationTest@38145825]" started-at="2024-06-18T21:22:13 IST" name="TearDown" finished-at="2024-06-18T21:22:13 IST" duration-ms="138" status="PASS">
          <reporter-output>
          </reporter-output>
        </test-method> <!-- TearDown -->
        <test-method is-config="true" signature="LaunchApplication()[pri:0, instance:rahulshettyacademy.tests.ErrorValidationTest@38145825]" started-at="2024-06-18T21:22:13 IST" name="LaunchApplication" finished-at="2024-06-18T21:22:17 IST" duration-ms="4323" status="PASS">
          <reporter-output>
          </reporter-output>
        </test-method> <!-- LaunchApplication -->
        <test-method signature="ProductErrorValidation()[pri:0, instance:rahulshettyacademy.tests.ErrorValidationTest@38145825]" started-at="2024-06-18T21:22:17 IST" name="ProductErrorValidation" finished-at="2024-06-18T21:22:33 IST" duration-ms="15622" status="PASS">
          <reporter-output>
          </reporter-output>
        </test-method> <!-- ProductErrorValidation -->
        <test-method is-config="true" signature="TearDown()[pri:0, instance:rahulshettyacademy.tests.ErrorValidationTest@38145825]" started-at="2024-06-18T21:22:33 IST" name="TearDown" finished-at="2024-06-18T21:22:33 IST" duration-ms="191" status="PASS">
          <reporter-output>
          </reporter-output>
        </test-method> <!-- TearDown -->
      </class> <!-- rahulshettyacademy.tests.ErrorValidationTest -->
    </test> <!-- Error Validation Test -->
    <test started-at="2024-06-18T21:21:36 IST" name="Submit Order Test" finished-at="2024-06-18T21:22:48 IST" duration-ms="71607">
      <class name="rahulshettyacademy.tests.StandAloneTest">
        <test-method is-config="true" signature="LaunchApplication()[pri:0, instance:rahulshettyacademy.tests.StandAloneTest@536f2a7e]" started-at="2024-06-18T21:21:37 IST" name="LaunchApplication" finished-at="2024-06-18T21:22:03 IST" duration-ms="26098" status="PASS">
          <reporter-output>
          </reporter-output>
        </test-method> <!-- LaunchApplication -->
        <test-method signature="submitOrder(java.util.HashMap)[pri:0, instance:rahulshettyacademy.tests.StandAloneTest@536f2a7e]" started-at="2024-06-18T21:22:03 IST" name="submitOrder" data-provider="getData" finished-at="2024-06-18T21:22:18 IST" duration-ms="15515" status="PASS">
          <params>
            <param index="0">
              <value>
                <![CDATA[{pass=Avinash0062@1, product=ADIDAS ORIGINAL, email=avinash0062@gmail.com}]]>
              </value>
            </param>
          </params>
          <reporter-output>
          </reporter-output>
        </test-method> <!-- submitOrder -->
        <test-method is-config="true" signature="TearDown()[pri:0, instance:rahulshettyacademy.tests.StandAloneTest@536f2a7e]" started-at="2024-06-18T21:22:18 IST" name="TearDown" finished-at="2024-06-18T21:22:18 IST" duration-ms="260" status="PASS">
          <reporter-output>
          </reporter-output>
        </test-method> <!-- TearDown -->
        <test-method is-config="true" signature="LaunchApplication()[pri:0, instance:rahulshettyacademy.tests.StandAloneTest@536f2a7e]" started-at="2024-06-18T21:22:18 IST" name="LaunchApplication" finished-at="2024-06-18T21:22:25 IST" duration-ms="6197" status="PASS">
          <reporter-output>
          </reporter-output>
        </test-method> <!-- LaunchApplication -->
        <test-method signature="submitOrder(java.util.HashMap)[pri:0, instance:rahulshettyacademy.tests.StandAloneTest@536f2a7e]" started-at="2024-06-18T21:22:25 IST" name="submitOrder" data-provider="getData" finished-at="2024-06-18T21:22:40 IST" duration-ms="15261" status="PASS">
          <params>
            <param index="0">
              <value>
                <![CDATA[{pass=Avinash@123, product=IPHONE 13 PRO, email=avinashtiwa@gmail.com}]]>
              </value>
            </param>
          </params>
          <reporter-output>
          </reporter-output>
        </test-method> <!-- submitOrder -->
        <test-method is-config="true" signature="TearDown()[pri:0, instance:rahulshettyacademy.tests.StandAloneTest@536f2a7e]" started-at="2024-06-18T21:22:40 IST" name="TearDown" finished-at="2024-06-18T21:22:40 IST" duration-ms="281" status="PASS">
          <reporter-output>
          </reporter-output>
        </test-method> <!-- TearDown -->
        <test-method is-config="true" signature="LaunchApplication()[pri:0, instance:rahulshettyacademy.tests.StandAloneTest@536f2a7e]" started-at="2024-06-18T21:22:40 IST" name="LaunchApplication" finished-at="2024-06-18T21:22:46 IST" duration-ms="6068" status="PASS">
          <reporter-output>
          </reporter-output>
        </test-method> <!-- LaunchApplication -->
        <test-method signature="OrderHistoryTest()[pri:0, instance:rahulshettyacademy.tests.StandAloneTest@536f2a7e]" started-at="2024-06-18T21:22:46 IST" name="OrderHistoryTest" finished-at="2024-06-18T21:22:48 IST" depends-on-methods="rahulshettyacademy.tests.StandAloneTest.submitOrder" duration-ms="1318" status="PASS">
          <reporter-output>
          </reporter-output>
        </test-method> <!-- OrderHistoryTest -->
        <test-method is-config="true" signature="TearDown()[pri:0, instance:rahulshettyacademy.tests.StandAloneTest@536f2a7e]" started-at="2024-06-18T21:22:48 IST" name="TearDown" finished-at="2024-06-18T21:22:48 IST" duration-ms="309" status="PASS">
          <reporter-output>
          </reporter-output>
        </test-method> <!-- TearDown -->
      </class> <!-- rahulshettyacademy.tests.StandAloneTest -->
    </test> <!-- Submit Order Test -->
  </suite> <!-- Suite -->
</testng-results>
